<?xml version="1.0" encoding="UTF-8"?>
<beans xmlns="http://www.springframework.org/schema/beans"
	xmlns:context="http://www.springframework.org/schema/context"
	xmlns:xsi="http://www.w3.org/2001/XMLSchema-instance" xmlns:dubbo="http://code.alibabatech.com/schema/dubbo"
	xsi:schemaLocation="http://www.springframework.org/schema/beans
        http://www.springframework.org/schema/beans/spring-beans.xsd
        http://code.alibabatech.com/schema/dubbo
        http://code.alibabatech.com/schema/dubbo/dubbo.xsd
        http://www.springframework.org/schema/context http://www.springframework.org/schema/context/spring-context.xsd">
    <context:property-placeholder location="classpath:cfg.properties,classpath:remote-dubbo.properties,classpath:remote-zookeeper.properties" />
        
    <dubbo:application name="gateway-alipay"  />
    <dubbo:registry default="true" protocol="dipper" address="197.5.11.21:2181,197.5.11.22:2181,197.5.11.23:2181" group="${registry.group}" />
    <dubbo:protocol name="dubbo" port="${dubbo.port}"/>
    <dubbo:provider timeout="${dubbo.provider.timeout}" retries="${dubbo.provider.retries}"  filter="dipperFilter,exceptionFilter,loggerFilter" />
    <dubbo:consumer filter="loggerFilter" />
    
	<dubbo:reference id="AlipayQueryHandler" interface="com.pactera.dipper.core.IDipperHandler" group="AlipayQueryHandler"/>
	
	<dubbo:reference id="AlipayCreateHandler" interface="com.pactera.dipper.core.IDipperHandler" group="AlipayCreateHandler"/>
	
	

</beans>
